2024-09-05 12:51:03 LogWrapper init() ./logs/AUD_USD.log
2024-09-05 12:51:03 {'n_ma': 12, 'n_std': 2.5, 'maxspread': 0.0004, 'mingain': 0.0006, 'riskreward': 1.5}
2024-09-05 12:51:04 CandleManager() init last_candlelast_candle:24-09-05 16:50 is_ready:False
2024-09-05 12:52:10 CandleManager() new candlelast_candle:24-09-05 16:51 is_ready:True
2024-09-05 12:52:10 tech_manager: max_rows: 32 candle_time:2024-09-05 16:51:00+00:00 granularity:M1
2024-09-05 12:52:10 process_candles:
        PAIR                      time    mid_c    mid_o   SPREAD     LOSS  SIGNAL      GAIN   SL   TP
26  AUD_USD 2024-09-05 16:47:00+00:00  0.67324  0.67328  0.00013  0.67324       0  0.000161  0.0  0.0
27  AUD_USD 2024-09-05 16:48:00+00:00  0.67320  0.67323  0.00013  0.67320       0  0.000186  0.0  0.0
28  AUD_USD 2024-09-05 16:49:00+00:00  0.67313  0.67324  0.00014  0.67313       0  0.000237  0.0  0.0
29  AUD_USD 2024-09-05 16:50:00+00:00  0.67322  0.67312  0.00013  0.67322       0  0.000124  0.0  0.0
30  AUD_USD 2024-09-05 16:51:00+00:00  0.67315  0.67321  0.00014  0.67315       0  0.000172  0.0  0.0 
2024-09-05 12:53:03 CandleManager() new candlelast_candle:24-09-05 16:52 is_ready:True
2024-09-05 12:53:04 tech_manager: max_rows: 32 candle_time:2024-09-05 16:52:00+00:00 granularity:M1
2024-09-05 12:53:04 process_candles:
        PAIR                      time    mid_c    mid_o   SPREAD     LOSS  SIGNAL      GAIN   SL   TP
26  AUD_USD 2024-09-05 16:48:00+00:00  0.67320  0.67323  0.00013  0.67320       0  0.000186  0.0  0.0
27  AUD_USD 2024-09-05 16:49:00+00:00  0.67313  0.67324  0.00014  0.67313       0  0.000237  0.0  0.0
28  AUD_USD 2024-09-05 16:50:00+00:00  0.67322  0.67312  0.00013  0.67322       0  0.000124  0.0  0.0
29  AUD_USD 2024-09-05 16:51:00+00:00  0.67315  0.67321  0.00014  0.67315       0  0.000172  0.0  0.0
30  AUD_USD 2024-09-05 16:52:00+00:00  0.67320  0.67318  0.00014  0.67320       0  0.000099  0.0  0.0 
2024-09-05 12:54:14 CandleManager() new candlelast_candle:24-09-05 16:53 is_ready:True
2024-09-05 12:54:18 tech_manager: max_rows: 32 candle_time:2024-09-05 16:53:00+00:00 granularity:M1
2024-09-05 12:54:18 process_candles:
        PAIR                      time    mid_c    mid_o   SPREAD     LOSS  SIGNAL      GAIN   SL   TP
26  AUD_USD 2024-09-05 16:49:00+00:00  0.67313  0.67324  0.00014  0.67313       0  0.000237  0.0  0.0
27  AUD_USD 2024-09-05 16:50:00+00:00  0.67322  0.67312  0.00013  0.67322       0  0.000124  0.0  0.0
28  AUD_USD 2024-09-05 16:51:00+00:00  0.67315  0.67321  0.00014  0.67315       0  0.000172  0.0  0.0
29  AUD_USD 2024-09-05 16:52:00+00:00  0.67320  0.67318  0.00014  0.67320       0  0.000099  0.0  0.0
30  AUD_USD 2024-09-05 16:53:00+00:00  0.67324  0.67324  0.00012  0.67324       0  0.000034  0.0  0.0 
2024-09-05 12:55:06 CandleManager() new candlelast_candle:24-09-05 16:54 is_ready:True
2024-09-05 12:55:10 tech_manager: max_rows: 32 candle_time:2024-09-05 16:54:00+00:00 granularity:M1
2024-09-05 12:55:10 process_candles:
        PAIR                      time    mid_c    mid_o   SPREAD     LOSS  SIGNAL      GAIN   SL   TP
26  AUD_USD 2024-09-05 16:50:00+00:00  0.67322  0.67312  0.00013  0.67322       0  0.000124  0.0  0.0
27  AUD_USD 2024-09-05 16:51:00+00:00  0.67315  0.67321  0.00014  0.67315       0  0.000172  0.0  0.0
28  AUD_USD 2024-09-05 16:52:00+00:00  0.67320  0.67318  0.00014  0.67320       0  0.000099  0.0  0.0
29  AUD_USD 2024-09-05 16:53:00+00:00  0.67324  0.67324  0.00012  0.67324       0  0.000034  0.0  0.0
30  AUD_USD 2024-09-05 16:54:00+00:00  0.67316  0.67322  0.00012  0.67316       0  0.000084  0.0  0.0 
2024-09-05 12:56:01 CandleManager() new candlelast_candle:24-09-05 16:55 is_ready:True
2024-09-05 12:56:01 tech_manager: max_rows: 32 candle_time:2024-09-05 16:55:00+00:00 granularity:M1
2024-09-05 12:56:02 process_candles:
        PAIR                      time    mid_c    mid_o   SPREAD     LOSS  SIGNAL      GAIN   SL   TP
26  AUD_USD 2024-09-05 16:51:00+00:00  0.67315  0.67321  0.00014  0.67315       0  0.000172  0.0  0.0
27  AUD_USD 2024-09-05 16:52:00+00:00  0.67320  0.67318  0.00014  0.67320       0  0.000099  0.0  0.0
28  AUD_USD 2024-09-05 16:53:00+00:00  0.67324  0.67324  0.00012  0.67324       0  0.000034  0.0  0.0
29  AUD_USD 2024-09-05 16:54:00+00:00  0.67316  0.67322  0.00012  0.67316       0  0.000084  0.0  0.0
30  AUD_USD 2024-09-05 16:55:00+00:00  0.67329  0.67316  0.00014  0.67329       0  0.000063  0.0  0.0 
