2024-09-05 12:51:03 LogWrapper init() ./logs/EUR_USD.log
2024-09-05 12:51:03 {'n_ma': 12, 'n_std': 2.5, 'maxspread': 0.0004, 'mingain': 0.0006, 'riskreward': 1.5}
2024-09-05 12:51:04 CandleManager() init last_candlelast_candle:24-09-05 16:50 is_ready:False
2024-09-05 12:52:05 CandleManager() new candlelast_candle:24-09-05 16:51 is_ready:True
2024-09-05 12:52:10 tech_manager: max_rows: 32 candle_time:2024-09-05 16:51:00+00:00 granularity:M1
2024-09-05 12:52:10 process_candles:
        PAIR                      time    mid_c    mid_o   SPREAD     LOSS  SIGNAL      GAIN   SL   TP
26  EUR_USD 2024-09-05 16:47:00+00:00  1.11011  1.11014  0.00016  1.11011       0  0.000132  0.0  0.0
27  EUR_USD 2024-09-05 16:48:00+00:00  1.11012  1.11011  0.00015  1.11012       0  0.000114  0.0  0.0
28  EUR_USD 2024-09-05 16:49:00+00:00  1.10992  1.11013  0.00014  1.10992       0  0.000297  0.0  0.0
29  EUR_USD 2024-09-05 16:50:00+00:00  1.11005  1.10991  0.00014  1.11005       0  0.000145  0.0  0.0
30  EUR_USD 2024-09-05 16:51:00+00:00  1.11006  1.11004  0.00015  1.11006       0  0.000121  0.0  0.0 
2024-09-05 12:53:14 CandleManager() new candlelast_candle:24-09-05 16:52 is_ready:True
2024-09-05 12:53:18 tech_manager: max_rows: 32 candle_time:2024-09-05 16:52:00+00:00 granularity:M1
2024-09-05 12:53:22 process_candles:
        PAIR                      time    mid_c    mid_o   SPREAD     LOSS  SIGNAL      GAIN   SL   TP
26  EUR_USD 2024-09-05 16:48:00+00:00  1.11012  1.11011  0.00015  1.11012       0  0.000114  0.0  0.0
27  EUR_USD 2024-09-05 16:49:00+00:00  1.10992  1.11013  0.00014  1.10992       0  0.000297  0.0  0.0
28  EUR_USD 2024-09-05 16:50:00+00:00  1.11005  1.10991  0.00014  1.11005       0  0.000145  0.0  0.0
29  EUR_USD 2024-09-05 16:51:00+00:00  1.11006  1.11004  0.00015  1.11006       0  0.000121  0.0  0.0
30  EUR_USD 2024-09-05 16:52:00+00:00  1.11008  1.11007  0.00016  1.11008       0  0.000085  0.0  0.0 
2024-09-05 12:54:10 CandleManager() new candlelast_candle:24-09-05 16:53 is_ready:True
2024-09-05 12:54:18 tech_manager: max_rows: 32 candle_time:2024-09-05 16:53:00+00:00 granularity:M1
2024-09-05 12:54:18 process_candles:
        PAIR                      time    mid_c    mid_o   SPREAD     LOSS  SIGNAL      GAIN   SL   TP
26  EUR_USD 2024-09-05 16:49:00+00:00  1.10992  1.11013  0.00014  1.10992       0  0.000297  0.0  0.0
27  EUR_USD 2024-09-05 16:50:00+00:00  1.11005  1.10991  0.00014  1.11005       0  0.000145  0.0  0.0
28  EUR_USD 2024-09-05 16:51:00+00:00  1.11006  1.11004  0.00015  1.11006       0  0.000121  0.0  0.0
29  EUR_USD 2024-09-05 16:52:00+00:00  1.11008  1.11007  0.00016  1.11008       0  0.000085  0.0  0.0
30  EUR_USD 2024-09-05 16:53:00+00:00  1.11011  1.11008  0.00014  1.11011       0  0.000028  0.0  0.0 
2024-09-05 12:55:20 CandleManager() new candlelast_candle:24-09-05 16:54 is_ready:True
2024-09-05 12:55:24 tech_manager: max_rows: 32 candle_time:2024-09-05 16:54:00+00:00 granularity:M1
2024-09-05 12:55:25 process_candles:
        PAIR                      time    mid_c    mid_o   SPREAD     LOSS  SIGNAL      GAIN   SL   TP
26  EUR_USD 2024-09-05 16:50:00+00:00  1.11005  1.10991  0.00014  1.11005       0  0.000145  0.0  0.0
27  EUR_USD 2024-09-05 16:51:00+00:00  1.11006  1.11004  0.00015  1.11006       0  0.000121  0.0  0.0
28  EUR_USD 2024-09-05 16:52:00+00:00  1.11008  1.11007  0.00016  1.11008       0  0.000085  0.0  0.0
29  EUR_USD 2024-09-05 16:53:00+00:00  1.11011  1.11008  0.00014  1.11011       0  0.000028  0.0  0.0
30  EUR_USD 2024-09-05 16:54:00+00:00  1.10996  1.11009  0.00014  1.10996       0  0.000141  0.0  0.0 
