2024-09-05 12:51:03 LogWrapper init() ./logs/EUR_GBP.log
2024-09-05 12:51:03 {'n_ma': 12, 'n_std': 2.5, 'maxspread': 0.0004, 'mingain': 0.0006, 'riskreward': 1.5}
2024-09-05 12:51:04 CandleManager() init last_candlelast_candle:24-09-05 16:50 is_ready:False
2024-09-05 12:52:10 CandleManager() new candlelast_candle:24-09-05 16:51 is_ready:True
2024-09-05 12:52:10 tech_manager: max_rows: 32 candle_time:2024-09-05 16:51:00+00:00 granularity:M1
2024-09-05 12:52:10 process_candles:
        PAIR                      time    mid_c    mid_o   SPREAD     LOSS  SIGNAL          GAIN   SL   TP
27  EUR_GBP 2024-09-05 16:47:00+00:00  0.84272  0.84279  0.00015  0.84272       0  4.305556e-05  0.0  0.0
28  EUR_GBP 2024-09-05 16:48:00+00:00  0.84276  0.84273  0.00013  0.84276       0  8.333333e-07  0.0  0.0
29  EUR_GBP 2024-09-05 16:49:00+00:00  0.84276  0.84274  0.00012  0.84276       0  2.777778e-07  0.0  0.0
30  EUR_GBP 2024-09-05 16:50:00+00:00  0.84272  0.84277  0.00012  0.84272       0  4.138889e-05  0.0  0.0
31  EUR_GBP 2024-09-05 16:51:00+00:00  0.84276  0.84272  0.00013  0.84276       0  8.333333e-07  0.0  0.0 
2024-09-05 12:53:18 CandleManager() new candlelast_candle:24-09-05 16:52 is_ready:True
2024-09-05 12:53:22 tech_manager: max_rows: 32 candle_time:2024-09-05 16:52:00+00:00 granularity:M1
2024-09-05 12:53:22 process_candles:
        PAIR                      time    mid_c    mid_o   SPREAD     LOSS  SIGNAL          GAIN   SL   TP
26  EUR_GBP 2024-09-05 16:48:00+00:00  0.84276  0.84273  0.00013  0.84276       0  8.333333e-07  0.0  0.0
27  EUR_GBP 2024-09-05 16:49:00+00:00  0.84276  0.84274  0.00012  0.84276       0  2.777778e-07  0.0  0.0
28  EUR_GBP 2024-09-05 16:50:00+00:00  0.84272  0.84277  0.00012  0.84272       0  4.138889e-05  0.0  0.0
29  EUR_GBP 2024-09-05 16:51:00+00:00  0.84276  0.84272  0.00013  0.84276       0  8.333333e-07  0.0  0.0
30  EUR_GBP 2024-09-05 16:52:00+00:00  0.84270  0.84278  0.00012  0.84270       0  5.388889e-05  0.0  0.0 
2024-09-05 12:54:14 CandleManager() new candlelast_candle:24-09-05 16:53 is_ready:True
2024-09-05 12:54:18 tech_manager: max_rows: 32 candle_time:2024-09-05 16:53:00+00:00 granularity:M1
2024-09-05 12:54:18 process_candles:
        PAIR                      time    mid_c    mid_o   SPREAD     LOSS  SIGNAL          GAIN   SL   TP
26  EUR_GBP 2024-09-05 16:49:00+00:00  0.84276  0.84274  0.00012  0.84276       0  2.777778e-07  0.0  0.0
27  EUR_GBP 2024-09-05 16:50:00+00:00  0.84272  0.84277  0.00012  0.84272       0  4.138889e-05  0.0  0.0
28  EUR_GBP 2024-09-05 16:51:00+00:00  0.84276  0.84272  0.00013  0.84276       0  8.333333e-07  0.0  0.0
29  EUR_GBP 2024-09-05 16:52:00+00:00  0.84270  0.84278  0.00012  0.84270       0  5.388889e-05  0.0  0.0
30  EUR_GBP 2024-09-05 16:53:00+00:00  0.84273  0.84268  0.00014  0.84273       0  1.611111e-05  0.0  0.0 
2024-09-05 12:55:05 CandleManager() new candlelast_candle:24-09-05 16:54 is_ready:True
2024-09-05 12:55:10 tech_manager: max_rows: 32 candle_time:2024-09-05 16:54:00+00:00 granularity:M1
2024-09-05 12:55:10 process_candles:
        PAIR                      time    mid_c    mid_o   SPREAD     LOSS  SIGNAL          GAIN   SL   TP
26  EUR_GBP 2024-09-05 16:50:00+00:00  0.84272  0.84277  0.00012  0.84272       0  4.138889e-05  0.0  0.0
27  EUR_GBP 2024-09-05 16:51:00+00:00  0.84276  0.84272  0.00013  0.84276       0  8.333333e-07  0.0  0.0
28  EUR_GBP 2024-09-05 16:52:00+00:00  0.84270  0.84278  0.00012  0.84270       0  5.388889e-05  0.0  0.0
29  EUR_GBP 2024-09-05 16:53:00+00:00  0.84273  0.84268  0.00014  0.84273       0  1.611111e-05  0.0  0.0
30  EUR_GBP 2024-09-05 16:54:00+00:00  0.84270  0.84274  0.00013  0.84270       0  3.833333e-05  0.0  0.0 
