2024-09-05 12:51:03 LogWrapper init() ./logs/EUR_JPY.log
2024-09-05 12:51:03 {'n_ma': 12, 'n_std': 2.5, 'maxspread': 0.0004, 'mingain': 0.0006, 'riskreward': 1.5}
2024-09-05 12:51:04 CandleManager() init last_candlelast_candle:24-09-05 16:50 is_ready:False
2024-09-05 12:52:09 CandleManager() new candlelast_candle:24-09-05 16:51 is_ready:True
2024-09-05 12:52:10 tech_manager: max_rows: 32 candle_time:2024-09-05 16:51:00+00:00 granularity:M1
2024-09-05 12:52:10 process_candles:
        PAIR                      time    mid_c    mid_o  SPREAD     LOSS  SIGNAL      GAIN   SL   TP
26  EUR_JPY 2024-09-05 16:47:00+00:00  159.288  159.274   0.019  159.288       0  0.019694  0.0  0.0
27  EUR_JPY 2024-09-05 16:48:00+00:00  159.276  159.288   0.021  159.276       0  0.007083  0.0  0.0
28  EUR_JPY 2024-09-05 16:49:00+00:00  159.266  159.278   0.023  159.266       0  0.003611  0.0  0.0
29  EUR_JPY 2024-09-05 16:50:00+00:00  159.274  159.268   0.021  159.274       0  0.001444  0.0  0.0
30  EUR_JPY 2024-09-05 16:51:00+00:00  159.242  159.274   0.023  159.242       0  0.032944  0.0  0.0 
2024-09-05 12:53:14 CandleManager() new candlelast_candle:24-09-05 16:52 is_ready:True
2024-09-05 12:53:22 tech_manager: max_rows: 32 candle_time:2024-09-05 16:52:00+00:00 granularity:M1
2024-09-05 12:53:22 process_candles:
        PAIR                      time    mid_c    mid_o  SPREAD     LOSS  SIGNAL      GAIN   SL   TP
26  EUR_JPY 2024-09-05 16:48:00+00:00  159.276  159.288   0.021  159.276       0  0.007083  0.0  0.0
27  EUR_JPY 2024-09-05 16:49:00+00:00  159.266  159.278   0.023  159.266       0  0.003611  0.0  0.0
28  EUR_JPY 2024-09-05 16:50:00+00:00  159.274  159.268   0.021  159.274       0  0.001444  0.0  0.0
29  EUR_JPY 2024-09-05 16:51:00+00:00  159.242  159.274   0.023  159.242       0  0.032944  0.0  0.0
30  EUR_JPY 2024-09-05 16:52:00+00:00  159.224  159.244   0.023  159.224       0  0.050778  0.0  0.0 
2024-09-05 12:54:14 CandleManager() new candlelast_candle:24-09-05 16:53 is_ready:True
2024-09-05 12:54:18 tech_manager: max_rows: 32 candle_time:2024-09-05 16:53:00+00:00 granularity:M1
2024-09-05 12:54:18 process_candles:
        PAIR                      time    mid_c    mid_o  SPREAD     LOSS  SIGNAL      GAIN   SL   TP
26  EUR_JPY 2024-09-05 16:49:00+00:00  159.266  159.278   0.023  159.266       0  0.003611  0.0  0.0
27  EUR_JPY 2024-09-05 16:50:00+00:00  159.274  159.268   0.021  159.274       0  0.001444  0.0  0.0
28  EUR_JPY 2024-09-05 16:51:00+00:00  159.242  159.274   0.023  159.242       0  0.032944  0.0  0.0
29  EUR_JPY 2024-09-05 16:52:00+00:00  159.224  159.244   0.023  159.224       0  0.050778  0.0  0.0
30  EUR_JPY 2024-09-05 16:53:00+00:00  159.216  159.223   0.019  159.216       0  0.054806  0.0  0.0 
2024-09-05 12:55:05 CandleManager() new candlelast_candle:24-09-05 16:54 is_ready:True
2024-09-05 12:55:10 tech_manager: max_rows: 32 candle_time:2024-09-05 16:54:00+00:00 granularity:M1
2024-09-05 12:55:10 process_candles:
        PAIR                      time    mid_c    mid_o  SPREAD     LOSS  SIGNAL      GAIN   SL   TP
26  EUR_JPY 2024-09-05 16:50:00+00:00  159.274  159.268   0.021  159.274       0  0.001444  0.0  0.0
27  EUR_JPY 2024-09-05 16:51:00+00:00  159.242  159.274   0.023  159.242       0  0.032944  0.0  0.0
28  EUR_JPY 2024-09-05 16:52:00+00:00  159.224  159.244   0.023  159.224       0  0.050778  0.0  0.0
29  EUR_JPY 2024-09-05 16:53:00+00:00  159.216  159.223   0.019  159.216       0  0.054806  0.0  0.0
30  EUR_JPY 2024-09-05 16:54:00+00:00  159.234  159.214   0.021  159.234       0  0.032083  0.0  0.0 
