2024-09-05 12:51:03 LogWrapper init() ./logs/GBP_CHF.log
2024-09-05 12:51:03 {'n_ma': 12, 'n_std': 2.5, 'maxspread': 0.0004, 'mingain': 0.0006, 'riskreward': 1.5}
2024-09-05 12:51:04 CandleManager() init last_candlelast_candle:24-09-05 16:50 is_ready:False
2024-09-05 12:52:05 CandleManager() new candlelast_candle:24-09-05 16:51 is_ready:True
2024-09-05 12:52:10 tech_manager: max_rows: 32 candle_time:2024-09-05 16:51:00+00:00 granularity:M1
2024-09-05 12:52:10 process_candles:
        PAIR                      time    mid_c    mid_o   SPREAD     LOSS  SIGNAL      GAIN   SL   TP
26  GBP_CHF 2024-09-05 16:47:00+00:00  1.11394  1.11372  0.00019  1.11394       0  0.000189  0.0  0.0
27  GBP_CHF 2024-09-05 16:48:00+00:00  1.11382  1.11391  0.00020  1.11382       0  0.000067  0.0  0.0
28  GBP_CHF 2024-09-05 16:49:00+00:00  1.11368  1.11383  0.00023  1.11368       0  0.000060  0.0  0.0
29  GBP_CHF 2024-09-05 16:50:00+00:00  1.11386  1.11373  0.00019  1.11386       0  0.000115  0.0  0.0
30  GBP_CHF 2024-09-05 16:51:00+00:00  1.11362  1.11384  0.00024  1.11362       0  0.000136  0.0  0.0 
2024-09-05 12:53:14 CandleManager() new candlelast_candle:24-09-05 16:52 is_ready:True
2024-09-05 12:53:18 tech_manager: max_rows: 32 candle_time:2024-09-05 16:52:00+00:00 granularity:M1
2024-09-05 12:53:18 process_candles:
        PAIR                      time    mid_c    mid_o   SPREAD     LOSS  SIGNAL      GAIN   SL   TP
26  GBP_CHF 2024-09-05 16:48:00+00:00  1.11382  1.11391  0.00020  1.11382       0  0.000067  0.0  0.0
27  GBP_CHF 2024-09-05 16:49:00+00:00  1.11368  1.11383  0.00023  1.11368       0  0.000060  0.0  0.0
28  GBP_CHF 2024-09-05 16:50:00+00:00  1.11386  1.11373  0.00019  1.11386       0  0.000115  0.0  0.0
29  GBP_CHF 2024-09-05 16:51:00+00:00  1.11362  1.11384  0.00024  1.11362       0  0.000136  0.0  0.0
30  GBP_CHF 2024-09-05 16:52:00+00:00  1.11367  1.11362  0.00022  1.11367       0  0.000090  0.0  0.0 
2024-09-05 12:54:09 CandleManager() new candlelast_candle:24-09-05 16:53 is_ready:True
2024-09-05 12:54:14 tech_manager: max_rows: 32 candle_time:2024-09-05 16:53:00+00:00 granularity:M1
2024-09-05 12:54:18 process_candles:
        PAIR                      time    mid_c    mid_o   SPREAD     LOSS  SIGNAL      GAIN   SL   TP
26  GBP_CHF 2024-09-05 16:49:00+00:00  1.11368  1.11383  0.00023  1.11368       0  0.000060  0.0  0.0
27  GBP_CHF 2024-09-05 16:50:00+00:00  1.11386  1.11373  0.00019  1.11386       0  0.000115  0.0  0.0
28  GBP_CHF 2024-09-05 16:51:00+00:00  1.11362  1.11384  0.00024  1.11362       0  0.000136  0.0  0.0
29  GBP_CHF 2024-09-05 16:52:00+00:00  1.11367  1.11362  0.00022  1.11367       0  0.000090  0.0  0.0
30  GBP_CHF 2024-09-05 16:53:00+00:00  1.11360  1.11366  0.00023  1.11360       0  0.000165  0.0  0.0 
2024-09-05 12:55:01 CandleManager() new candlelast_candle:24-09-05 16:54 is_ready:True
2024-09-05 12:55:06 tech_manager: max_rows: 32 candle_time:2024-09-05 16:54:00+00:00 granularity:M1
2024-09-05 12:55:10 process_candles:
        PAIR                      time    mid_c    mid_o   SPREAD     LOSS  SIGNAL      GAIN   SL   TP
26  GBP_CHF 2024-09-05 16:50:00+00:00  1.11386  1.11373  0.00019  1.11386       0  0.000115  0.0  0.0
27  GBP_CHF 2024-09-05 16:51:00+00:00  1.11362  1.11384  0.00024  1.11362       0  0.000136  0.0  0.0
28  GBP_CHF 2024-09-05 16:52:00+00:00  1.11367  1.11362  0.00022  1.11367       0  0.000090  0.0  0.0
29  GBP_CHF 2024-09-05 16:53:00+00:00  1.11360  1.11366  0.00023  1.11360       0  0.000165  0.0  0.0
30  GBP_CHF 2024-09-05 16:54:00+00:00  1.11370  1.11360  0.00024  1.11370       0  0.000059  0.0  0.0 
