2024-09-05 12:51:03 LogWrapper init() ./logs/GBP_USD.log
2024-09-05 12:51:03 {'n_ma': 12, 'n_std': 2.5, 'maxspread': 0.0004, 'mingain': 0.0006, 'riskreward': 1.5}
2024-09-05 12:51:04 CandleManager() init last_candlelast_candle:24-09-05 16:50 is_ready:False
2024-09-05 12:52:09 CandleManager() new candlelast_candle:24-09-05 16:51 is_ready:True
2024-09-05 12:52:10 tech_manager: max_rows: 32 candle_time:2024-09-05 16:51:00+00:00 granularity:M1
2024-09-05 12:52:10 process_candles:
        PAIR                      time    mid_c    mid_o   SPREAD     LOSS  SIGNAL      GAIN   SL   TP
26  GBP_USD 2024-09-05 16:47:00+00:00  1.31732  1.31724  0.00017  1.31732       0  0.000080  0.0  0.0
27  GBP_USD 2024-09-05 16:48:00+00:00  1.31727  1.31730  0.00018  1.31727       0  0.000124  0.0  0.0
28  GBP_USD 2024-09-05 16:49:00+00:00  1.31704  1.31726  0.00016  1.31704       0  0.000335  0.0  0.0
29  GBP_USD 2024-09-05 16:50:00+00:00  1.31722  1.31704  0.00018  1.31722       0  0.000127  0.0  0.0
30  GBP_USD 2024-09-05 16:51:00+00:00  1.31720  1.31722  0.00017  1.31720       0  0.000135  0.0  0.0 
2024-09-05 12:53:01 CandleManager() new candlelast_candle:24-09-05 16:52 is_ready:True
2024-09-05 12:53:04 tech_manager: max_rows: 32 candle_time:2024-09-05 16:52:00+00:00 granularity:M1
2024-09-05 12:53:04 process_candles:
        PAIR                      time    mid_c    mid_o   SPREAD     LOSS  SIGNAL      GAIN   SL   TP
26  GBP_USD 2024-09-05 16:48:00+00:00  1.31727  1.31730  0.00018  1.31727       0  0.000124  0.0  0.0
27  GBP_USD 2024-09-05 16:49:00+00:00  1.31704  1.31726  0.00016  1.31704       0  0.000335  0.0  0.0
28  GBP_USD 2024-09-05 16:50:00+00:00  1.31722  1.31704  0.00018  1.31722       0  0.000127  0.0  0.0
29  GBP_USD 2024-09-05 16:51:00+00:00  1.31720  1.31722  0.00017  1.31720       0  0.000135  0.0  0.0
30  GBP_USD 2024-09-05 16:52:00+00:00  1.31732  1.31720  0.00015  1.31732       0  0.000004  0.0  0.0 
2024-09-05 12:54:14 CandleManager() new candlelast_candle:24-09-05 16:53 is_ready:True
2024-09-05 12:54:18 tech_manager: max_rows: 32 candle_time:2024-09-05 16:53:00+00:00 granularity:M1
2024-09-05 12:54:18 process_candles:
        PAIR                      time    mid_c    mid_o   SPREAD     LOSS  SIGNAL      GAIN   SL   TP
26  GBP_USD 2024-09-05 16:49:00+00:00  1.31704  1.31726  0.00016  1.31704       0  0.000335  0.0  0.0
27  GBP_USD 2024-09-05 16:50:00+00:00  1.31722  1.31704  0.00018  1.31722       0  0.000127  0.0  0.0
28  GBP_USD 2024-09-05 16:51:00+00:00  1.31720  1.31722  0.00017  1.31720       0  0.000135  0.0  0.0
29  GBP_USD 2024-09-05 16:52:00+00:00  1.31732  1.31720  0.00015  1.31732       0  0.000004  0.0  0.0
30  GBP_USD 2024-09-05 16:53:00+00:00  1.31730  1.31732  0.00016  1.31730       0  0.000005  0.0  0.0 
2024-09-05 12:55:05 CandleManager() new candlelast_candle:24-09-05 16:54 is_ready:True
2024-09-05 12:55:10 tech_manager: max_rows: 32 candle_time:2024-09-05 16:54:00+00:00 granularity:M1
2024-09-05 12:55:10 process_candles:
        PAIR                      time    mid_c    mid_o   SPREAD     LOSS  SIGNAL      GAIN   SL   TP
26  GBP_USD 2024-09-05 16:50:00+00:00  1.31722  1.31704  0.00018  1.31722       0  0.000127  0.0  0.0
27  GBP_USD 2024-09-05 16:51:00+00:00  1.31720  1.31722  0.00017  1.31720       0  0.000135  0.0  0.0
28  GBP_USD 2024-09-05 16:52:00+00:00  1.31732  1.31720  0.00015  1.31732       0  0.000004  0.0  0.0
29  GBP_USD 2024-09-05 16:53:00+00:00  1.31730  1.31732  0.00016  1.31730       0  0.000005  0.0  0.0
30  GBP_USD 2024-09-05 16:54:00+00:00  1.31720  1.31729  0.00019  1.31720       0  0.000077  0.0  0.0 
