2024-09-05 12:51:03 LogWrapper init() ./logs/USD_JPY.log
2024-09-05 12:51:03 {'n_ma': 12, 'n_std': 2.5, 'maxspread': 0.0004, 'mingain': 0.0006, 'riskreward': 1.5}
2024-09-05 12:51:04 CandleManager() init last_candlelast_candle:24-09-05 16:50 is_ready:False
2024-09-05 12:52:09 CandleManager() new candlelast_candle:24-09-05 16:51 is_ready:True
2024-09-05 12:52:10 tech_manager: max_rows: 32 candle_time:2024-09-05 16:51:00+00:00 granularity:M1
2024-09-05 12:52:10 process_candles:
        PAIR                      time    mid_c    mid_o  SPREAD     LOSS  SIGNAL      GAIN   SL   TP
26  USD_JPY 2024-09-05 16:47:00+00:00  143.493  143.474   0.014  143.493       0  0.039667  0.0  0.0
27  USD_JPY 2024-09-05 16:48:00+00:00  143.478  143.493   0.018  143.478       0  0.022583  0.0  0.0
28  USD_JPY 2024-09-05 16:49:00+00:00  143.494  143.478   0.021  143.494       0  0.035250  0.0  0.0
29  USD_JPY 2024-09-05 16:50:00+00:00  143.482  143.494   0.018  143.482       0  0.017806  0.0  0.0
30  USD_JPY 2024-09-05 16:51:00+00:00  143.454  143.484   0.019  143.454       0  0.014444  0.0  0.0 
2024-09-05 12:53:14 CandleManager() new candlelast_candle:24-09-05 16:52 is_ready:True
2024-09-05 12:53:22 tech_manager: max_rows: 32 candle_time:2024-09-05 16:52:00+00:00 granularity:M1
2024-09-05 12:53:22 process_candles:
        PAIR                      time    mid_c    mid_o  SPREAD     LOSS  SIGNAL      GAIN   SL   TP
26  USD_JPY 2024-09-05 16:48:00+00:00  143.478  143.493   0.018  143.478       0  0.022583  0.0  0.0
27  USD_JPY 2024-09-05 16:49:00+00:00  143.494  143.478   0.021  143.494       0  0.035250  0.0  0.0
28  USD_JPY 2024-09-05 16:50:00+00:00  143.482  143.494   0.018  143.482       0  0.017806  0.0  0.0
29  USD_JPY 2024-09-05 16:51:00+00:00  143.454  143.484   0.019  143.454       0  0.014444  0.0  0.0
30  USD_JPY 2024-09-05 16:52:00+00:00  143.432  143.454   0.017  143.432       0  0.038028  0.0  0.0 
2024-09-05 12:54:10 CandleManager() new candlelast_candle:24-09-05 16:53 is_ready:True
2024-09-05 12:54:18 tech_manager: max_rows: 32 candle_time:2024-09-05 16:53:00+00:00 granularity:M1
2024-09-05 12:54:18 process_candles:
        PAIR                      time    mid_c    mid_o  SPREAD     LOSS  SIGNAL      GAIN   SL   TP
26  USD_JPY 2024-09-05 16:49:00+00:00  143.494  143.478   0.021  143.494       0  0.035250  0.0  0.0
27  USD_JPY 2024-09-05 16:50:00+00:00  143.482  143.494   0.018  143.482       0  0.017806  0.0  0.0
28  USD_JPY 2024-09-05 16:51:00+00:00  143.454  143.484   0.019  143.454       0  0.014444  0.0  0.0
29  USD_JPY 2024-09-05 16:52:00+00:00  143.432  143.454   0.017  143.432       0  0.038028  0.0  0.0
30  USD_JPY 2024-09-05 16:53:00+00:00  143.422  143.432   0.016  143.422       0  0.048139  0.0  0.0 
2024-09-05 12:55:01 CandleManager() new candlelast_candle:24-09-05 16:54 is_ready:True
2024-09-05 12:55:10 tech_manager: max_rows: 32 candle_time:2024-09-05 16:54:00+00:00 granularity:M1
2024-09-05 12:55:10 process_candles:
        PAIR                      time    mid_c    mid_o  SPREAD     LOSS  SIGNAL      GAIN   SL   TP
26  USD_JPY 2024-09-05 16:50:00+00:00  143.482  143.494   0.018  143.482       0  0.017806  0.0  0.0
27  USD_JPY 2024-09-05 16:51:00+00:00  143.454  143.484   0.019  143.454       0  0.014444  0.0  0.0
28  USD_JPY 2024-09-05 16:52:00+00:00  143.432  143.454   0.017  143.432       0  0.038028  0.0  0.0
29  USD_JPY 2024-09-05 16:53:00+00:00  143.422  143.432   0.016  143.422       0  0.048139  0.0  0.0
30  USD_JPY 2024-09-05 16:54:00+00:00  143.457  143.423   0.018  143.457       0  0.013306  0.0  0.0 
